
/home/runner/work/exp-classes-and-objects-iitk/exp-classes-and-objects-iitk/experiment/simulation/classesandobjects (1).js
    4:1  warning  'btn_2' is not defined                  no-undef
    5:1  warning  'btn_1' is not defined                  no-undef
    6:1  warning  'btn_3' is not defined                  no-undef
   13:1  warning  'btn_1' is not defined                  no-undef
   21:7  warning  'j' is assigned a value but never used  no-unused-vars
   23:1  warning  'btn_2' is not defined                  no-undef
   27:1  warning  Mixed spaces and tabs                   no-mixed-spaces-and-tabs
   32:1  warning  Mixed spaces and tabs                   no-mixed-spaces-and-tabs
   37:1  warning  Mixed spaces and tabs                   no-mixed-spaces-and-tabs
   38:1  warning  Mixed spaces and tabs                   no-mixed-spaces-and-tabs
   44:1  warning  Mixed spaces and tabs                   no-mixed-spaces-and-tabs
   45:1  warning  Mixed spaces and tabs                   no-mixed-spaces-and-tabs
   46:1  warning  Mixed spaces and tabs                   no-mixed-spaces-and-tabs
   51:1  warning  Mixed spaces and tabs                   no-mixed-spaces-and-tabs
   53:1  warning  Mixed spaces and tabs                   no-mixed-spaces-and-tabs
   54:1  warning  Mixed spaces and tabs                   no-mixed-spaces-and-tabs
   55:1  warning  Mixed spaces and tabs                   no-mixed-spaces-and-tabs
   61:1  warning  Mixed spaces and tabs                   no-mixed-spaces-and-tabs
   63:1  warning  Mixed spaces and tabs                   no-mixed-spaces-and-tabs
   64:1  warning  Mixed spaces and tabs                   no-mixed-spaces-and-tabs
   65:1  warning  Mixed spaces and tabs                   no-mixed-spaces-and-tabs
   70:1  warning  Mixed spaces and tabs                   no-mixed-spaces-and-tabs
   72:1  warning  Mixed spaces and tabs                   no-mixed-spaces-and-tabs
   74:1  warning  Mixed spaces and tabs                   no-mixed-spaces-and-tabs
   75:1  warning  Mixed spaces and tabs                   no-mixed-spaces-and-tabs
   76:1  warning  Mixed spaces and tabs                   no-mixed-spaces-and-tabs
   81:1  warning  Mixed spaces and tabs                   no-mixed-spaces-and-tabs
   82:1  warning  Mixed spaces and tabs                   no-mixed-spaces-and-tabs
   84:1  warning  Mixed spaces and tabs                   no-mixed-spaces-and-tabs
   86:1  warning  Mixed spaces and tabs                   no-mixed-spaces-and-tabs
   87:1  warning  Mixed spaces and tabs                   no-mixed-spaces-and-tabs
   88:1  warning  Mixed spaces and tabs                   no-mixed-spaces-and-tabs
   93:1  warning  Mixed spaces and tabs                   no-mixed-spaces-and-tabs
   94:1  warning  Mixed spaces and tabs                   no-mixed-spaces-and-tabs
   95:1  warning  Mixed spaces and tabs                   no-mixed-spaces-and-tabs
   97:1  warning  Mixed spaces and tabs                   no-mixed-spaces-and-tabs
   99:1  warning  Mixed spaces and tabs                   no-mixed-spaces-and-tabs
  100:1  warning  Mixed spaces and tabs                   no-mixed-spaces-and-tabs
  101:1  warning  Mixed spaces and tabs                   no-mixed-spaces-and-tabs
  108:1  warning  Mixed spaces and tabs                   no-mixed-spaces-and-tabs
  109:1  warning  Mixed spaces and tabs                   no-mixed-spaces-and-tabs
  111:1  warning  Mixed spaces and tabs                   no-mixed-spaces-and-tabs
  113:1  warning  Mixed spaces and tabs                   no-mixed-spaces-and-tabs
  114:1  warning  Mixed spaces and tabs                   no-mixed-spaces-and-tabs
  115:1  warning  Mixed spaces and tabs                   no-mixed-spaces-and-tabs
  124:1  warning  'btn_3' is not defined                  no-undef

/home/runner/work/exp-classes-and-objects-iitk/exp-classes-and-objects-iitk/experiment/simulation/js/bootstrap.min.js
  6:319    warning  'jQuery' is not defined                 no-undef
  6:1071   warning  'jQuery' is not defined                 no-undef
  6:2016   warning  'jQuery' is not defined                 no-undef
  6:3965   warning  'jQuery' is not defined                 no-undef
  6:8001   warning  'jQuery' is not defined                 no-undef
  6:11369  warning  'jQuery' is not defined                 no-undef
  6:13732  warning  'jQuery' is not defined                 no-undef
  6:19734  warning  'jQuery' is not defined                 no-undef
  6:27338  warning  'a' is assigned a value but never used  no-unused-vars
  6:28677  warning  'jQuery' is not defined                 no-undef
  6:30264  warning  'jQuery' is not defined                 no-undef
  7:648    warning  'jQuery' is not defined                 no-undef
  7:2468   warning  'jQuery' is not defined                 no-undef
  7:4879   warning  'jQuery' is not defined                 no-undef

/home/runner/work/exp-classes-and-objects-iitk/exp-classes-and-objects-iitk/experiment/simulation/js/jquery.min.js
  2:71     warning  'module' is not defined                                                    no-undef
  2:86     warning  'module' is not defined                                                    no-undef
  2:863    warning  'b' is assigned a value but never used                                     no-unused-vars
  2:3050   warning  'r' is assigned a value but never used                                     no-unused-vars
  2:5376   warning  Unexpected control character(s) in regular expression: \x1f, \x1f          no-control-regex
  2:5847   warning  Expected a conditional expression and instead saw an assignment            no-cond-assign
  2:6101   warning  Expected a conditional expression and instead saw an assignment            no-cond-assign
  2:6532   warning  Expected a conditional expression and instead saw an assignment            no-cond-assign
  2:6758   warning  Empty block statement                                                      no-empty
  2:7320   warning  Expected a conditional expression and instead saw an assignment            no-cond-assign
  2:9378   warning  Expected a conditional expression and instead saw an assignment            no-cond-assign
  2:9688   warning  Expected a conditional expression and instead saw an assignment            no-cond-assign
  2:11489  warning  Expected a conditional expression and instead saw an assignment            no-cond-assign
  2:12064  warning  Expected a conditional expression and instead saw an assignment            no-cond-assign
  2:12102  warning  Expected a conditional expression and instead saw an assignment            no-cond-assign
  2:12520  warning  Empty block statement                                                      no-empty
  2:13134  warning  Expected a conditional expression and instead saw an assignment            no-cond-assign
  2:13446  warning  Expected a conditional expression and instead saw an assignment            no-cond-assign
  2:15271  warning  Expected a conditional expression and instead saw an assignment            no-cond-assign
  2:15542  warning  Expected a conditional expression and instead saw an assignment            no-cond-assign
  2:15740  warning  Expected a conditional expression and instead saw an assignment            no-cond-assign
  2:16114  warning  Do not access Object.prototype method 'hasOwnProperty' from target object  no-prototype-builtins
  2:16815  warning  Expected a conditional expression and instead saw an assignment            no-cond-assign
  2:19155  warning  Expected a conditional expression and instead saw an assignment            no-cond-assign
  2:19255  warning  Expected a conditional expression and instead saw an assignment            no-cond-assign
  2:19315  warning  Expected a conditional expression and instead saw an assignment            no-cond-assign
  2:20674  warning  Expected a conditional expression and instead saw an assignment            no-cond-assign
  2:21288  warning  Expected a conditional expression and instead saw an assignment            no-cond-assign
  2:21399  warning  Expected a conditional expression and instead saw an assignment            no-cond-assign
  2:23719  warning  Unnecessary escape character: \/                                           no-useless-escape
  2:33344  warning  Empty block statement                                                      no-empty
  2:37050  warning  Unnecessary escape character: \/                                           no-useless-escape
  2:38265  warning  Expected a conditional expression and instead saw an assignment            no-cond-assign
  2:38405  warning  Expected a conditional expression and instead saw an assignment            no-cond-assign
  2:39039  warning  Empty block statement                                                      no-empty
  2:45778  warning  Unnecessary escape character: \/                                           no-useless-escape
  2:48087  warning  Expected a conditional expression and instead saw an assignment            no-cond-assign
  2:49647  warning  Empty block statement                                                      no-empty
  2:57298  warning  Expected a conditional expression and instead saw an assignment            no-cond-assign
  2:59847  warning  Expected a conditional expression and instead saw an assignment            no-cond-assign
  2:64132  warning  Expected a conditional expression and instead saw an assignment            no-cond-assign
  2:65877  warning  Expected a conditional expression and instead saw an assignment            no-cond-assign
  2:65943  warning  Expected a conditional expression and instead saw an assignment            no-cond-assign
  2:66247  warning  Expected a conditional expression and instead saw an assignment            no-cond-assign
  2:66313  warning  Expected a conditional expression and instead saw an assignment            no-cond-assign
  2:66720  warning  Expected a conditional expression and instead saw an assignment            no-cond-assign
  2:66997  warning  Expected a conditional expression and instead saw an assignment            no-cond-assign
  2:72432  warning  Expected a conditional expression and instead saw an assignment            no-cond-assign
  2:74924  warning  Expected a conditional expression and instead saw an assignment            no-cond-assign
  2:75645  warning  'l.href' is assigned to itself                                             no-self-assign
  2:79204  warning  Empty block statement                                                      no-empty
  2:83243  warning  Expected a conditional expression and instead saw an assignment            no-cond-assign
  2:83243  warning  'l' is assigned a value but never used                                     no-unused-vars
  2:86651  warning  'define' is not defined                                                    no-undef
  2:86663  warning  'define' is not defined                                                    no-undef

✖ 115 problems (0 errors, 115 warnings)

